<?xml version="1.0" encoding="UTF-8"?>
<!-- Generated by org.testng.reporters.JUnitReportReporter -->
<testsuite hostname="TYSS-Akash" failures="0" tests="1" name="com.Pantaloons.HomePage.Carousel" time="20.989" errors="0" timestamp="2022-07-07T18:47:34 IST" skipped="0">
  <testcase classname="com.Pantaloons.HomePage.Carousel" name="carousel" time="20.989"/>
  <system-out/>
</testsuite> <!-- com.Pantaloons.HomePage.Carousel -->
