<?xml version="1.0" encoding="UTF-8"?>
<!-- Generated by org.testng.reporters.JUnitReportReporter -->
<testsuite hostname="TYSS-Akash" failures="0" tests="1" name="com.Pantaloons.HomePage.Banner" time="32.710" errors="0" timestamp="2022-07-07T18:48:29 IST" skipped="0">
  <testcase classname="com.Pantaloons.HomePage.Banner" name="homePageMethod" time="32.710"/>
  <system-out/>
</testsuite> <!-- com.Pantaloons.HomePage.Banner -->
