<?xml version="1.0" encoding="UTF-8"?>
<!-- Generated by org.testng.reporters.JUnitReportReporter -->
<testsuite hostname="TYSS-Akash" failures="0" tests="1" name="com.Pantaloons.HomePage.Logo" time="28.068" errors="0" timestamp="2022-07-07T18:47:34 IST" skipped="0">
  <testcase classname="com.Pantaloons.HomePage.Logo" name="logo" time="28.068"/>
  <system-out/>
</testsuite> <!-- com.Pantaloons.HomePage.Logo -->
